Using pre-set license
Built from '2021.2/staging' branch; Version is '2021.2.1f1 (c20c6d589440) revision 12717165'; Using compiler version '192829333'; Build Type 'Release'
OS: 'Windows 10 Home; OS build 19042.1288; Version 2009; 64bit' Language: 'en' Physical Memory: 7880 MB
BatchMode: 1, IsHumanControllingUs: 0, StartBugReporterOnCrash: 0, Is64bit: 1, IsPro: 0

COMMAND LINE ARGUMENTS:
C:\Users\19022\Downloads\Unity\Editor\Unity.exe
-adb2
-batchMode
-noUpm
-name
AssetImportWorker1
-projectPath
C:/Users/19022/Downloads/Unity/Software Eng (1)
-logFile
Logs/AssetImportWorker1.log
-srvPort
62958
Successfully changed project path to: C:/Users/19022/Downloads/Unity/Software Eng (1)
C:/Users/19022/Downloads/Unity/Software Eng (1)
[UnityMemory] Configuration Parameters - Can be set up in boot.config
    "memorysetup-bucket-allocator-granularity=16"
    "memorysetup-bucket-allocator-bucket-count=8"
    "memorysetup-bucket-allocator-block-size=33554432"
    "memorysetup-bucket-allocator-block-count=8"
    "memorysetup-main-allocator-block-size=16777216"
    "memorysetup-thread-allocator-block-size=16777216"
    "memorysetup-gfx-main-allocator-block-size=16777216"
    "memorysetup-gfx-thread-allocator-block-size=16777216"
    "memorysetup-cache-allocator-block-size=4194304"
    "memorysetup-typetree-allocator-block-size=2097152"
    "memorysetup-profiler-bucket-allocator-granularity=16"
    "memorysetup-profiler-bucket-allocator-bucket-count=8"
    "memorysetup-profiler-bucket-allocator-block-size=33554432"
    "memorysetup-profiler-bucket-allocator-block-count=8"
    "memorysetup-profiler-allocator-block-size=16777216"
    "memorysetup-profiler-editor-allocator-block-size=1048576"
    "memorysetup-temp-allocator-size-main=16777216"
    "memorysetup-job-temp-allocator-block-size=2097152"
    "memorysetup-job-temp-allocator-block-size-background=1048576"
    "memorysetup-job-temp-allocator-reduction-small-platforms=262144"
    "memorysetup-temp-allocator-size-background-worker=32768"
    "memorysetup-temp-allocator-size-job-worker=262144"
    "memorysetup-temp-allocator-size-preload-manager=33554432"
    "memorysetup-temp-allocator-size-nav-mesh-worker=65536"
    "memorysetup-temp-allocator-size-audio-worker=65536"
    "memorysetup-temp-allocator-size-cloud-worker=32768"
    "memorysetup-temp-allocator-size-gi-baking-worker=262144"
    "memorysetup-temp-allocator-size-gfx=262144"
Assets/Free 3D Shopping Cart Model.c4d: Unity no longer supports importing Cinema 4D files directly, but we're working with Maxon to make the experience better. To import Cinema 4D files, install Maxon's external importer. You can find more information on the Unity Forum: https://on.unity.com/c4d.

Please note that FBX files exported from Cinema4D are still supported.
Refreshing native plugins compatible for Editor in 540.50 ms, found 3 plugins.
Preloading 0 native plugins for Editor in 0.00 ms.
Initialize engine version: 2021.2.1f1 (c20c6d589440)
[Subsystems] Discovering subsystems at path C:/Users/19022/Downloads/Unity/Editor/Data/Resources/UnitySubsystems
[Subsystems] Discovering subsystems at path C:/Users/19022/Downloads/Unity/Software Eng (1)/Assets
GfxDevice: creating device client; threaded=0; jobified=0
Direct3D:
    Version:  Direct3D 11.0 [level 11.1]
    Renderer: Intel(R) Iris(R) Plus Graphics (ID=0x8a52)
    Vendor:   Intel
    VRAM:     3940 MB
    Driver:   26.20.100.7926
Initialize mono
Mono path[0] = 'C:/Users/19022/Downloads/Unity/Editor/Data/Managed'
Mono path[1] = 'C:/Users/19022/Downloads/Unity/Editor/Data/MonoBleedingEdge/lib/mono/unityjit-win32'
Mono config path = 'C:/Users/19022/Downloads/Unity/Editor/Data/MonoBleedingEdge/etc'
Using monoOptions --debugger-agent=transport=dt_socket,embedding=1,server=y,suspend=n,address=127.0.0.1:56112
Begin MonoManager ReloadAssembly
Registering precompiled unity dll's ...
Register platform support module: C:/Users/19022/Downloads/Unity/Editor/Data/PlaybackEngines/WindowsStandaloneSupport/UnityEditor.WindowsStandalone.Extensions.dll
Registered in 0.024745 seconds.
Native extension for WindowsStandalone target not found
Assets/Free 3D Shopping Cart Model.c4d: Unity no longer supports importing Cinema 4D files directly, but we're working with Maxon to make the experience better. To import Cinema 4D files, install Maxon's external importer. You can find more information on the Unity Forum: https://on.unity.com/c4d.

Please note that FBX files exported from Cinema4D are still supported.
Refreshing native plugins compatible for Editor in 324.44 ms, found 3 plugins.
Preloading 0 native plugins for Editor in 0.00 ms.
Mono: successfully reloaded assembly
- Completed reload, in  6.479 seconds
Domain Reload Profiling:
	ReloadAssembly (6481ms)
		BeginReloadAssembly (502ms)
			ExecutionOrderSort (0ms)
			DisableScriptedObjects (0ms)
			BackupInstance (0ms)
			ReleaseScriptingObjects (0ms)
			CreateAndSetChildDomain (5ms)
		EndReloadAssembly (1952ms)
			LoadAssemblies (490ms)
			RebuildTransferFunctionScriptingTraits (3ms)
			SetupTypeCache (529ms)
			ReleaseScriptCaches (0ms)
			RebuildScriptCaches (132ms)
			SetupLoadedEditorAssemblies (1068ms)
				LogAssemblyErrors (0ms)
				InitializePlatformSupportModulesInManaged (26ms)
				SetLoadedEditorAssemblies (1ms)
				RefreshPlugins (325ms)
				BeforeProcessingInitializeOnLoad (3ms)
				ProcessInitializeOnLoadAttributes (548ms)
				ProcessInitializeOnLoadMethodAttributes (165ms)
				AfterProcessingInitializeOnLoad (0ms)
				EditorAssembliesLoaded (0ms)
			ExecutionOrderSort2 (0ms)
			AwakeInstancesAfterBackupRestoration (0ms)
Platform modules already initialized, skipping
Registering precompiled user dll's ...
Registered in 0.030959 seconds.
Begin MonoManager ReloadAssembly
Symbol file LoadedFromMemory doesn't match image C:\Users\19022\Downloads\Unity\Software Eng (1)\Library\PackageCache\com.unity.visualscripting@1.7.2\Editor\VisualScripting.Core\Dependencies\YamlDotNet\Unity.VisualScripting.YamlDotNet.dll
Symbol file LoadedFromMemory doesn't match image C:\Users\19022\Downloads\Unity\Software Eng (1)\Library\PackageCache\com.unity.visualscripting@1.7.2\Editor\VisualScripting.Core\Dependencies\DotNetZip\Unity.VisualScripting.IonicZip.dll
Native extension for WindowsStandalone target not found
Refreshing native plugins compatible for Editor in 2.61 ms, found 3 plugins.
Preloading 0 native plugins for Editor in 0.00 ms.
Mono: successfully reloaded assembly
- Completed reload, in  7.360 seconds
Domain Reload Profiling:
	ReloadAssembly (7363ms)
		BeginReloadAssembly (890ms)
			ExecutionOrderSort (0ms)
			DisableScriptedObjects (35ms)
			BackupInstance (0ms)
			ReleaseScriptingObjects (1ms)
			CreateAndSetChildDomain (62ms)
		EndReloadAssembly (5900ms)
			LoadAssemblies (682ms)
			RebuildTransferFunctionScriptingTraits (0ms)
			SetupTypeCache (1137ms)
			ReleaseScriptCaches (10ms)
			RebuildScriptCaches (333ms)
			SetupLoadedEditorAssemblies (3028ms)
				LogAssemblyErrors (4ms)
				InitializePlatformSupportModulesInManaged (237ms)
				SetLoadedEditorAssemblies (2ms)
				RefreshPlugins (3ms)
				BeforeProcessingInitializeOnLoad (545ms)
				ProcessInitializeOnLoadAttributes (2125ms)
				ProcessInitializeOnLoadMethodAttributes (84ms)
				AfterProcessingInitializeOnLoad (28ms)
				EditorAssembliesLoaded (0ms)
			ExecutionOrderSort2 (0ms)
			AwakeInstancesAfterBackupRestoration (18ms)
Platform modules already initialized, skipping
Assets/Free 3D Shopping Cart Model.c4d: Unity no longer supports importing Cinema 4D files directly, but we're working with Maxon to make the experience better. To import Cinema 4D files, install Maxon's external importer. You can find more information on the Unity Forum: https://on.unity.com/c4d.

Please note that FBX files exported from Cinema4D are still supported.
========================================================================
Worker process is ready to serve import requests
Assets/Free 3D Shopping Cart Model.c4d: Unity no longer supports importing Cinema 4D files directly, but we're working with Maxon to make the experience better. To import Cinema 4D files, install Maxon's external importer. You can find more information on the Unity Forum: https://on.unity.com/c4d.

Please note that FBX files exported from Cinema4D are still supported.
Launched and connected shader compiler UnityShaderCompiler.exe after 0.22 seconds
Refreshing native plugins compatible for Editor in 1.44 ms, found 3 plugins.
Preloading 0 native plugins for Editor in 0.00 ms.
Unloading 3498 Unused Serialized files (Serialized files now loaded: 0)
Unloading 97 unused Assets / (104.2 KB). Loaded Objects now: 3942.
Memory consumption went from 130.7 MB to 130.6 MB.
Total: 4.761000 ms (FindLiveObjects: 0.402000 ms CreateObjectMapping: 0.190600 ms MarkObjects: 3.581500 ms  DeleteObjects: 0.584100 ms)

AssetImportParameters requested are different than current active one (requested -> active):
  custom:video-decoder-ogg-theora: a1e56fd34408186e4bbccfd4996cb3dc -> 
  custom:container-muxer-webm: aa71ff27fc2769a1b78a27578f13a17b -> 
  custom:container-demuxer-webm: 4f35f7cbe854078d1ac9338744f61a02 -> 
  custom:video-encoder-webm-vp8: eb34c28f22e8b96e1ab97ce403110664 -> 
  custom:audio-encoder-webm-vorbis: bf7c407c2cedff20999df2af8eb42d56 -> 
  custom:framework-win-MediaFoundation: 216162199b28c13a410421893ffa2e32 -> 
  custom:container-demuxer-ogg: 62fdf1f143b41e24485cea50d1cbac27 -> 
  custom:video-decoder-webm-vp8: 9c59270c3fd7afecdb556c50c9e8de78 -> 
  custom:audio-decoder-ogg-vorbis: bf7c407c2cedff20999df2af8eb42d56 -> 
========================================================================
Received Import Request.
  Time since last request: 1189111.560458 seconds.
  path: Assets/Scenes/Game.unity
  artifactKey: Guid(9fc0d4010bbf28b4594072e72b8655ab) Importer(815301076,1909f56bfc062723c751e8b465ee728b)
Start importing Assets/Scenes/Game.unity using Guid(9fc0d4010bbf28b4594072e72b8655ab) Importer(815301076,1909f56bfc062723c751e8b465ee728b)  -> (artifact id: 'a50ad78aa8ea1cc4f87c2198ef7cb52b') in 0.041864 seconds 
========================================================================
Received Import Request.
  Time since last request: 648.416610 seconds.
  path: Assets/Scenes/Game/ReflectionProbe-0.exr
  artifactKey: Guid(aad059ad9e1be364a9152edfb651ae38) Importer(815301076,1909f56bfc062723c751e8b465ee728b)
Start importing Assets/Scenes/Game/ReflectionProbe-0.exr using Guid(aad059ad9e1be364a9152edfb651ae38) Importer(815301076,1909f56bfc062723c751e8b465ee728b)  -> (artifact id: 'c86212b2cf2073ab9ec65816efb01d7d') in 1.170352 seconds 
========================================================================
Received Prepare
Assets/Free 3D Shopping Cart Model.c4d: Unity no longer supports importing Cinema 4D files directly, but we're working with Maxon to make the experience better. To import Cinema 4D files, install Maxon's external importer. You can find more information on the Unity Forum: https://on.unity.com/c4d.

Please note that FBX files exported from Cinema4D are still supported.
Registering precompiled user dll's ...
Registered in 0.008322 seconds.
Begin MonoManager ReloadAssembly
Symbol file LoadedFromMemory doesn't match image C:\Users\19022\Downloads\Unity\Software Eng (1)\Library\PackageCache\com.unity.visualscripting@1.7.2\Editor\VisualScripting.Core\Dependencies\YamlDotNet\Unity.VisualScripting.YamlDotNet.dll
Symbol file LoadedFromMemory doesn't match image C:\Users\19022\Downloads\Unity\Software Eng (1)\Library\PackageCache\com.unity.visualscripting@1.7.2\Editor\VisualScripting.Core\Dependencies\DotNetZip\Unity.VisualScripting.IonicZip.dll
Native extension for WindowsStandalone target not found
Refreshing native plugins compatible for Editor in 2.30 ms, found 3 plugins.
Preloading 0 native plugins for Editor in 0.00 ms.
Warning: Annotation not found!
UnityEngine.StackTraceUtility:ExtractStackTrace ()
UnityEditor.ProBuilder.EditorUtility:SetGizmoIconEnabled (System.Type,bool) (at Library/PackageCache/com.unity.probuilder@5.0.3/Editor/EditorCore/EditorUtility.cs:575)
UnityEditor.ProBuilder.HierarchyListener:.cctor () (at Library/PackageCache/com.unity.probuilder@5.0.3/Editor/EditorCore/HierarchyListener.cs:21)
System.Runtime.CompilerServices.RuntimeHelpers:RunClassConstructor (System.RuntimeTypeHandle)
UnityEditor.EditorAssemblies:ProcessInitializeOnLoadAttributes (System.Type[])

[Library/PackageCache/com.unity.probuilder@5.0.3/Editor/EditorCore/EditorUtility.cs line 575]

Mono: successfully reloaded assembly
- Completed reload, in  3.960 seconds
Domain Reload Profiling:
	ReloadAssembly (3962ms)
		BeginReloadAssembly (1343ms)
			ExecutionOrderSort (0ms)
			DisableScriptedObjects (26ms)
			BackupInstance (0ms)
			ReleaseScriptingObjects (0ms)
			CreateAndSetChildDomain (722ms)
		EndReloadAssembly (2361ms)
			LoadAssemblies (466ms)
			RebuildTransferFunctionScriptingTraits (0ms)
			SetupTypeCache (805ms)
			ReleaseScriptCaches (2ms)
			RebuildScriptCaches (66ms)
			SetupLoadedEditorAssemblies (980ms)
				LogAssemblyErrors (0ms)
				InitializePlatformSupportModulesInManaged (29ms)
				SetLoadedEditorAssemblies (1ms)
				RefreshPlugins (3ms)
				BeforeProcessingInitializeOnLoad (221ms)
				ProcessInitializeOnLoadAttributes (654ms)
				ProcessInitializeOnLoadMethodAttributes (52ms)
				AfterProcessingInitializeOnLoad (19ms)
				EditorAssembliesLoaded (1ms)
			ExecutionOrderSort2 (0ms)
			AwakeInstancesAfterBackupRestoration (21ms)
Platform modules already initialized, skipping
Refreshing native plugins compatible for Editor in 1.94 ms, found 3 plugins.
Preloading 0 native plugins for Editor in 0.00 ms.
Unloading 3456 Unused Serialized files (Serialized files now loaded: 0)
Unloading 19 unused Assets / (68.4 KB). Loaded Objects now: 3990.
Memory consumption went from 132.6 MB to 132.5 MB.
Total: 53.927000 ms (FindLiveObjects: 0.833500 ms CreateObjectMapping: 0.945400 ms MarkObjects: 46.675300 ms  DeleteObjects: 5.463800 ms)

AssetImportParameters requested are different than current active one (requested -> active):
  custom:video-decoder-ogg-theora: a1e56fd34408186e4bbccfd4996cb3dc -> 
  custom:container-muxer-webm: aa71ff27fc2769a1b78a27578f13a17b -> 
  custom:container-demuxer-webm: 4f35f7cbe854078d1ac9338744f61a02 -> 
  custom:video-encoder-webm-vp8: eb34c28f22e8b96e1ab97ce403110664 -> 
  custom:audio-encoder-webm-vorbis: bf7c407c2cedff20999df2af8eb42d56 -> 
  custom:framework-win-MediaFoundation: 216162199b28c13a410421893ffa2e32 -> 
  custom:container-demuxer-ogg: 62fdf1f143b41e24485cea50d1cbac27 -> 
  custom:video-decoder-webm-vp8: 9c59270c3fd7afecdb556c50c9e8de78 -> 
  custom:audio-decoder-ogg-vorbis: bf7c407c2cedff20999df2af8eb42d56 -> 
========================================================================
Received Prepare
Assets/Free 3D Shopping Cart Model.c4d: Unity no longer supports importing Cinema 4D files directly, but we're working with Maxon to make the experience better. To import Cinema 4D files, install Maxon's external importer. You can find more information on the Unity Forum: https://on.unity.com/c4d.

Please note that FBX files exported from Cinema4D are still supported.
Refreshing native plugins compatible for Editor in 156.74 ms, found 3 plugins.
Preloading 0 native plugins for Editor in 0.00 ms.
Unloading 17 Unused Serialized files (Serialized files now loaded: 0)
Unloading 17 unused Assets / (65.6 KB). Loaded Objects now: 3990.
Memory consumption went from 63.8 MB to 63.7 MB.
Total: 225.811200 ms (FindLiveObjects: 5.168900 ms CreateObjectMapping: 0.346800 ms MarkObjects: 220.121300 ms  DeleteObjects: 0.170400 ms)

AssetImportParameters requested are different than current active one (requested -> active):
  custom:video-decoder-ogg-theora: a1e56fd34408186e4bbccfd4996cb3dc -> 
  custom:container-muxer-webm: aa71ff27fc2769a1b78a27578f13a17b -> 
  custom:container-demuxer-webm: 4f35f7cbe854078d1ac9338744f61a02 -> 
  custom:video-encoder-webm-vp8: eb34c28f22e8b96e1ab97ce403110664 -> 
  custom:audio-encoder-webm-vorbis: bf7c407c2cedff20999df2af8eb42d56 -> 
  custom:framework-win-MediaFoundation: 216162199b28c13a410421893ffa2e32 -> 
  custom:container-demuxer-ogg: 62fdf1f143b41e24485cea50d1cbac27 -> 
  custom:video-decoder-webm-vp8: 9c59270c3fd7afecdb556c50c9e8de78 -> 
  custom:audio-decoder-ogg-vorbis: bf7c407c2cedff20999df2af8eb42d56 -> 
========================================================================
Received Prepare
Assets/Free 3D Shopping Cart Model.c4d: Unity no longer supports importing Cinema 4D files directly, but we're working with Maxon to make the experience better. To import Cinema 4D files, install Maxon's external importer. You can find more information on the Unity Forum: https://on.unity.com/c4d.

Please note that FBX files exported from Cinema4D are still supported.
Refreshing native plugins compatible for Editor in 15.34 ms, found 3 plugins.
Preloading 0 native plugins for Editor in 0.00 ms.
Unloading 17 Unused Serialized files (Serialized files now loaded: 0)
Unloading 17 unused Assets / (65.6 KB). Loaded Objects now: 3990.
Memory consumption went from 63.8 MB to 63.7 MB.
Total: 5.485400 ms (FindLiveObjects: 0.388900 ms CreateObjectMapping: 0.201200 ms MarkObjects: 4.761300 ms  DeleteObjects: 0.132500 ms)

AssetImportParameters requested are different than current active one (requested -> active):
  custom:video-decoder-ogg-theora: a1e56fd34408186e4bbccfd4996cb3dc -> 
  custom:container-muxer-webm: aa71ff27fc2769a1b78a27578f13a17b -> 
  custom:container-demuxer-webm: 4f35f7cbe854078d1ac9338744f61a02 -> 
  custom:video-encoder-webm-vp8: eb34c28f22e8b96e1ab97ce403110664 -> 
  custom:audio-encoder-webm-vorbis: bf7c407c2cedff20999df2af8eb42d56 -> 
  custom:framework-win-MediaFoundation: 216162199b28c13a410421893ffa2e32 -> 
  custom:container-demuxer-ogg: 62fdf1f143b41e24485cea50d1cbac27 -> 
  custom:video-decoder-webm-vp8: 9c59270c3fd7afecdb556c50c9e8de78 -> 
  custom:audio-decoder-ogg-vorbis: bf7c407c2cedff20999df2af8eb42d56 -> 
========================================================================
Received Prepare
Assets/Free 3D Shopping Cart Model.c4d: Unity no longer supports importing Cinema 4D files directly, but we're working with Maxon to make the experience better. To import Cinema 4D files, install Maxon's external importer. You can find more information on the Unity Forum: https://on.unity.com/c4d.

Please note that FBX files exported from Cinema4D are still supported.
Registering precompiled user dll's ...
Registered in 0.017392 seconds.
Begin MonoManager ReloadAssembly
Symbol file LoadedFromMemory doesn't match image C:\Users\19022\Downloads\Unity\Software Eng (1)\Library\PackageCache\com.unity.visualscripting@1.7.2\Editor\VisualScripting.Core\Dependencies\YamlDotNet\Unity.VisualScripting.YamlDotNet.dll
Symbol file LoadedFromMemory doesn't match image C:\Users\19022\Downloads\Unity\Software Eng (1)\Library\PackageCache\com.unity.visualscripting@1.7.2\Editor\VisualScripting.Core\Dependencies\DotNetZip\Unity.VisualScripting.IonicZip.dll
Native extension for WindowsStandalone target not found
Refreshing native plugins compatible for Editor in 1.85 ms, found 3 plugins.
Preloading 0 native plugins for Editor in 0.00 ms.
Warning: Annotation not found!
UnityEngine.StackTraceUtility:ExtractStackTrace ()
UnityEditor.ProBuilder.EditorUtility:SetGizmoIconEnabled (System.Type,bool) (at Library/PackageCache/com.unity.probuilder@5.0.3/Editor/EditorCore/EditorUtility.cs:575)
UnityEditor.ProBuilder.HierarchyListener:.cctor () (at Library/PackageCache/com.unity.probuilder@5.0.3/Editor/EditorCore/HierarchyListener.cs:21)
System.Runtime.CompilerServices.RuntimeHelpers:RunClassConstructor (System.RuntimeTypeHandle)
UnityEditor.EditorAssemblies:ProcessInitializeOnLoadAttributes (System.Type[])

[Library/PackageCache/com.unity.probuilder@5.0.3/Editor/EditorCore/EditorUtility.cs line 575]

Mono: successfully reloaded assembly
- Completed reload, in  4.305 seconds
Domain Reload Profiling:
	ReloadAssembly (4323ms)
		BeginReloadAssembly (1802ms)
			ExecutionOrderSort (0ms)
			DisableScriptedObjects (81ms)
			BackupInstance (0ms)
			ReleaseScriptingObjects (3ms)
			CreateAndSetChildDomain (705ms)
		EndReloadAssembly (2200ms)
			LoadAssemblies (627ms)
			RebuildTransferFunctionScriptingTraits (0ms)
			SetupTypeCache (647ms)
			ReleaseScriptCaches (4ms)
			RebuildScriptCaches (100ms)
			SetupLoadedEditorAssemblies (971ms)
				LogAssemblyErrors (0ms)
				InitializePlatformSupportModulesInManaged (30ms)
				SetLoadedEditorAssemblies (1ms)
				RefreshPlugins (2ms)
				BeforeProcessingInitializeOnLoad (137ms)
				ProcessInitializeOnLoadAttributes (714ms)
				ProcessInitializeOnLoadMethodAttributes (62ms)
				AfterProcessingInitializeOnLoad (25ms)
				EditorAssembliesLoaded (1ms)
			ExecutionOrderSort2 (0ms)
			AwakeInstancesAfterBackupRestoration (29ms)
Platform modules already initialized, skipping
Refreshing native plugins compatible for Editor in 0.86 ms, found 3 plugins.
Preloading 0 native plugins for Editor in 0.00 ms.
Unloading 3455 Unused Serialized files (Serialized files now loaded: 0)
Unloading 19 unused Assets / (68.4 KB). Loaded Objects now: 3992.
Memory consumption went from 132.5 MB to 132.5 MB.
Total: 6.964400 ms (FindLiveObjects: 0.766000 ms CreateObjectMapping: 0.231600 ms MarkObjects: 5.841500 ms  DeleteObjects: 0.122900 ms)

AssetImportParameters requested are different than current active one (requested -> active):
  custom:video-decoder-ogg-theora: a1e56fd34408186e4bbccfd4996cb3dc -> 
  custom:container-muxer-webm: aa71ff27fc2769a1b78a27578f13a17b -> 
  custom:container-demuxer-webm: 4f35f7cbe854078d1ac9338744f61a02 -> 
  custom:video-encoder-webm-vp8: eb34c28f22e8b96e1ab97ce403110664 -> 
  custom:audio-encoder-webm-vorbis: bf7c407c2cedff20999df2af8eb42d56 -> 
  custom:framework-win-MediaFoundation: 216162199b28c13a410421893ffa2e32 -> 
  custom:container-demuxer-ogg: 62fdf1f143b41e24485cea50d1cbac27 -> 
  custom:video-decoder-webm-vp8: 9c59270c3fd7afecdb556c50c9e8de78 -> 
  custom:audio-decoder-ogg-vorbis: bf7c407c2cedff20999df2af8eb42d56 -> 
